Loading data from: data/processed/macro_monthly.csv

============================================================
STATISTICAL MODELING
============================================================
Model data prepared: 106 observations

------------------------------------------------------------
BASELINE MODEL: Real PCE ~ Inflation
------------------------------------------------------------
                            OLS Regression Results                            
==============================================================================
Dep. Variable:               real_pce   R-squared:                       0.343
Model:                            OLS   Adj. R-squared:                  0.337
Method:                 Least Squares   F-statistic:                     54.26
Date:                Sat, 06 Dec 2025   Prob (F-statistic):           4.32e-11
Time:                        20:03:16   Log-Likelihood:                -841.96
No. Observations:                 106   AIC:                             1688.
Df Residuals:                     104   BIC:                             1693.
Df Model:                           1                                         
Covariance Type:            nonrobust                                         
===============================================================================
                  coef    std err          t      P>|t|      [0.025      0.975]
-------------------------------------------------------------------------------
const        1.284e+04    118.968    107.949      0.000    1.26e+04    1.31e+04
cpi_yoy_pct   224.6638     30.500      7.366      0.000     164.181     285.146
==============================================================================
Omnibus:                       11.186   Durbin-Watson:                   0.080
Prob(Omnibus):                  0.004   Jarque-Bera (JB):               12.074
Skew:                           0.825   Prob(JB):                      0.00239
Kurtosis:                       3.116   Cond. No.                         7.26
==============================================================================

Notes:
[1] Standard Errors assume that the covariance matrix of the errors is correctly specified.

------------------------------------------------------------
LAGGED MODEL: Real PCE ~ Inflation + Lag1 + Lag2
------------------------------------------------------------
                            OLS Regression Results                            
==============================================================================
Dep. Variable:               real_pce   R-squared:                       0.348
Model:                            OLS   Adj. R-squared:                  0.329
Method:                 Least Squares   F-statistic:                     18.16
Date:                Sat, 06 Dec 2025   Prob (F-statistic):           1.63e-09
Time:                        20:03:16   Log-Likelihood:                -841.54
No. Observations:                 106   AIC:                             1691.
Df Residuals:                     102   BIC:                             1702.
Df Model:                           3                                         
Covariance Type:            nonrobust                                         
====================================================================================
                       coef    std err          t      P>|t|      [0.025      0.975]
------------------------------------------------------------------------------------
const             1.283e+04    120.586    106.389      0.000    1.26e+04    1.31e+04
cpi_yoy_pct        260.2643    197.123      1.320      0.190    -130.728     651.256
cpi_yoy_pct_lag1  -197.2866    337.301     -0.585      0.560    -866.321     471.748
cpi_yoy_pct_lag2   166.3890    195.371      0.852      0.396    -221.128     553.906
==============================================================================
Omnibus:                       10.166   Durbin-Watson:                   0.093
Prob(Omnibus):                  0.006   Jarque-Bera (JB):               10.632
Skew:                           0.771   Prob(JB):                      0.00491
Kurtosis:                       3.165   Cond. No.                         41.8
==============================================================================

Notes:
[1] Standard Errors assume that the covariance matrix of the errors is correctly specified.

============================================================
MODEL COMPARISON
============================================================

Metric                    Baseline        Lagged          Better    
-----------------------------------------------------------------
R-squared                 0.3428          0.3481          Lagged    
Adj. R-squared            0.3365          0.3289          Baseline  
AIC                       1687.92         1691.07         Baseline  
BIC                       1693.25         1701.73         Baseline  
F-statistic               54.26           18.16          

============================================================
RECOMMENDED MODEL: BASELINE
Based on AIC/BIC comparison, the baseline model is preferred.
============================================================

============================================================
INTERPRETATION
============================================================

There is a statistically significant positive relationship between inflation and real consumer spending (p < 0.05).

Key Findings:
  1. A 1 percentage point increase in inflation is associated with a $224.66 billion change in real PCE.
  2. The baseline model explains 34.3% of the variance in real PCE.
  3. Lagged inflation effects are not statistically significant, suggesting inflation impacts spending contemporaneously rather than with a delay.

Saved: results/model_results.json
Saved: results/baseline_model_summary.txt
Saved: results/lagged_model_summary.txt

============================================================
MODELING COMPLETE
============================================================
