Loading data from: data/processed/macro_monthly.csv
============================================================
DATA QUALITY ASSESSMENT
============================================================

1. Missing Values Check
----------------------------------------
   date: OK (no missing)
   cpi: OK (no missing)
   pce: OK (no missing)
   cpi_index_2015_01_100: OK (no missing)
   real_pce: OK (no missing)
   pce_yoy_pct: 12 missing (OK - first 12 months)
   real_pce_yoy_pct: 12 missing (OK - first 12 months)
   cpi_yoy_pct: 12 missing (OK - first 12 months)

2. Duplicate Dates Check
----------------------------------------
   OK: No duplicate dates found

3. Temporal Coverage Check
----------------------------------------
   Start: 2015-01-01
   End: 2024-12-01
   Total observations: 120
   OK: No gaps detected (max interval: 31 days)

4. Value Range Check
----------------------------------------
   cpi: OK (range: 234.75 - 317.60)
   pce: OK (range: 12066.70 - 20514.30)

============================================================
OVERALL STATUS: PASS
============================================================

Quality report saved: data/processed/quality_report.json
